<?xml version="1.0" encoding="UTF-8"?>
<testsuite name="Login Test"
           tests="3"
           failures="0"
           errors="0"
           skipped="0"
           time="4.503">
  <properties />
  
  
            <testcase name="verifyUserShouldNavigateToComputerPageSuccessfully" time="0.801" classname="com.nopcommerce.demo.testsuite.ComputerPageTest" />
                <testcase name="verifyUserShouldNavigateToDesktopsPageSuccessfully" time="0.808" classname="com.nopcommerce.demo.testsuite.ComputerPageTest" />
                <testcase name="verifyThatUserShouldBuildYouOwnComputerAndAddThemToCartSuccessfully" time="2.894" classname="com.nopcommerce.demo.testsuite.ComputerPageTest" />
      
</testsuite>
